<?xml version="1.0" encoding="utf-8"?>
<shfbBuild product="Sandcastle Help File Builder and Tools" version="2016.5.28.0" projectFile="C:\projects\csharp-bandwidth\src\Bandwidth.Net\Bandwidth.Net.Html.shfbproj" started="8/29/2016 1:00:46 PM">
<buildStep step="Initializing">
Finding tools...
The Sandcastle tools are located in &#39;C:\Users\appveyor\.nuget\packages\EWSoftware.SHFB\2016.5.28\tools\&#39;
The SHFBROOT system environment variable was not found.  This variable is usually created during installation and may require a reboot.  It has been defined temporarily for this process as: SHFBROOT=C:\Users\appveyor\.nuget\packages\EWSoftware.SHFB\2016.5.28\tools\
Locating components in the following folder(s):
    C:\Users\appveyor\.nuget\packages\EWSoftware.SHFB.NETFramework\4.6.1\tools\
    C:\projects\csharp-bandwidth\src\Bandwidth.Net
    C:\ProgramData\EWSoftware\Sandcastle Help File Builder\Components and Plug-Ins\
    C:\Users\appveyor\.nuget\packages\EWSoftware.SHFB\2016.5.28\tools\
Using framework reflection data for &#39;.NET Framework 4.5&#39; located in &#39;C:\Users\appveyor\.nuget\packages\EWSoftware.SHFB.NETFramework\4.6.1\tools\Data\.NETFramework&#39;
Using presentation style &#39;VS2013&#39; located in &#39;C:\Users\appveyor\.nuget\packages\EWSoftware.SHFB\2016.5.28\tools\PresentationStyles\VS2013&#39;
Loading and initializing plug-ins...
Lightweight Website Style Version 2016.5.28.0
Copyright &#169; 2006-2016, Eric Woodruff, All Rights Reserved
Portions Copyright &#169; 2014, Sam Harwell, All Rights Reserved
-------------------------------
Clearing any prior web/markdown output...
</buildStep>
<buildStep step="ValidatingDocumentationSources">
Validating and copying documentation source information
Source: C:\projects\csharp-bandwidth\src\Bandwidth.Net\bin\Debug\net45\Bandwidth.Net.xml
Source: C:\projects\csharp-bandwidth\src\Bandwidth.Net\bin\Debug\net45\Bandwidth.Net.dll
    Found assembly &#39;C:\projects\csharp-bandwidth\src\Bandwidth.Net\bin\Debug\net45\Bandwidth.Net.dll&#39;

Copying XML comments files
    C:\projects\csharp-bandwidth\src\Bandwidth.Net\bin\Debug\net45\Bandwidth.Net.xml -&gt; C:\projects\csharp-bandwidth\src\Bandwidth.Net\Help\Working\Bandwidth.Net.xml
</buildStep>
<buildStep step="GenerateSharedContent">
Generating shared content files (en-US, English (United States))...
<plugIn name="Lightweight Website Style" behavior="After" priority="1000">
</plugIn>    Last step completed in 00:00:00.0310
</buildStep>
<buildStep step="GenerateApiFilter">
Generating API filter for MRefBuilder...
    Last step completed in 00:00:00.0000
</buildStep>
<buildStep step="GenerateReflectionInfo">
Generating reflection information...
[C:\Windows\Microsoft.NET\Framework\v4.0.30319\MSBuild.exe - GenerateRefInfo.proj]
Build started 8/29/2016 1:00:48 PM.
The target &quot;_ConvertPdbFiles&quot; listed in a BeforeTargets attribute at &quot;C:\Program Files (x86)\MSBuild\4.0\Microsoft.Common.targets\ImportAfter\Xamarin.Common.targets (34,37)&quot; does not exist in the project, and will be ignored.
The target &quot;_CollectPdbFiles&quot; listed in an AfterTargets attribute at &quot;C:\Program Files (x86)\MSBuild\4.0\Microsoft.Common.targets\ImportAfter\Xamarin.Common.targets (34,70)&quot; does not exist in the project, and will be ignored.
The target &quot;_CollectMdbFiles&quot; listed in a BeforeTargets attribute at &quot;C:\Program Files (x86)\MSBuild\4.0\Microsoft.Common.targets\ImportAfter\Xamarin.Common.targets (41,38)&quot; does not exist in the project, and will be ignored.
The target &quot;_CopyMdbFiles&quot; listed in an AfterTargets attribute at &quot;C:\Program Files (x86)\MSBuild\4.0\Microsoft.Common.targets\ImportAfter\Xamarin.Common.targets (41,71)&quot; does not exist in the project, and will be ignored.
Project &quot;C:\projects\csharp-bandwidth\src\Bandwidth.Net\Help\Working\GenerateRefInfo.proj&quot; on node 1 (default targets).
PrepareForBuild:
  Creating directory &quot;obj\Debug\&quot;.
GenerateRefInfo:
  MRefBuilder (v2016.5.28.0)
  Copyright c 2006-2016, Microsoft Corporation, All Rights Reserved.
  Portions Copyright c 2006-2016, Eric Woodruff, All Rights Reserved.
  Loaded 1 assemblies for reflection and 1 dependency assemblies.
MRefBuilder : error : Unresolved assembly reference: Newtonsoft.Json (Newtonsoft.Json, Version=9.0.0.0, Culture=neutral, PublicKeyToken=30ad4fe6b2a6aeed) required by Bandwidth.Net [C:\projects\csharp-bandwidth\src\Bandwidth.Net\Help\Working\GenerateRefInfo.proj]
    Last step completed in 00:00:03.7787
</buildStep>
<buildStep step="Failed">

SHFB: Error BE0043: Unexpected error detected in last build step.  See build log for details.
   at SandcastleBuilder.Utils.BuildEngine.TaskRunner.Run(String processFilename, String targetFile, String arguments)
   at SandcastleBuilder.Utils.BuildEngine.TaskRunner.RunProject(String projectFile, Boolean minimalOutput)
   at SandcastleBuilder.Utils.BuildEngine.BuildProcess.Build()

</buildStep>
</shfbBuild>
